<?xml version="1.0" encoding="UTF-8"?>
<Site BuildName="(empty)"
	BuildStamp="20240426-2142-Experimental"
	Name="st-Legion-Y9000P-IAH7H"
	Generator="ctest-3.22.1"
	CompilerName="/usr/bin/g++"
	CompilerVersion="11.4.0"
	OSName="Linux"
	Hostname="st-Legion-Y9000P-IAH7H"
	OSRelease="6.5.0-28-generic"
	OSVersion="#29~22.04.1-Ubuntu SMP PREEMPT_DYNAMIC Thu Apr  4 14:39:20 UTC 2"
	OSPlatform="x86_64"
	Is64Bits="1"
	VendorString="GenuineIntel"
	VendorID="Intel Corporation"
	FamilyID="6"
	ModelID="154"
	ProcessorCacheSize="24576"
	NumberOfLogicalCPU="20"
	NumberOfPhysicalCPU="14"
	TotalVirtualMemory="2047"
	TotalPhysicalMemory="15707"
	LogicalProcessorsPerPhysical="1"
	ProcessorClockFrequency="4189.73"
	>
	<Testing>
		<StartDateTime>Apr 26 14:42 PDT</StartDateTime>
		<StartTestTime>1714167765</StartTestTime>
		<TestList/>
		<EndDateTime>Apr 26 14:42 PDT</EndDateTime>
		<EndTestTime>1714167765</EndTestTime>
		<ElapsedMinutes>0</ElapsedMinutes>
	</Testing>
</Site>
